[2023-02-27 14:14:04 ERROR][AddonHelper] åœ¨è§£æå·²å¯ç”¨çš„addonsåˆ—è¡¨æ—¶å‘ç”Ÿé”™è¯¯
[2023-02-27 14:14:04 INFO][LiteLoader] åŠ è½½åŸç”Ÿæ’ä»¶...
[2023-02-27 14:14:04 INFO][LiteLoader] åŸç”Ÿæ’ä»¶ <LLMoney.dll> å·²åŠ è½½
[2023-02-27 14:14:04 INFO][LiteLoader] å·²åŠ è½½ 1 ä¸ªåŸç”Ÿæ’ä»¶
[2023-02-27 14:14:04 INFO][bStats] bStatså·²å¯ç”¨ï¼Œä½ å¯ä»¥é€šè¿‡ç¼–è¾‘ plugins/bStats/config.json æ¥ç¦ç”¨å®ƒ
[2023-02-27 14:14:05 INFO][Server] Starting Server
[2023-02-27 14:14:05 INFO][Server] Version 1.19.63.01(ProtocolVersion 568) with [1m[3m[38;2;135;206;250mLiteLoaderBDS 2.11.0+[0m
[2023-02-27 14:14:05 INFO][Server] Session ID 77518a47-000d-4947-b934-974c8f4023f7
[2023-02-27 14:14:05 INFO][Server] Level Name: FantasyTown_Minecraft_Bedrock_Edition_Survival_01
[2023-02-27 14:14:05 INFO][Server] Game mode: 0 Survival
[2023-02-27 14:14:05 INFO][Server] Difficulty: 3 HARD
[2023-02-27 14:14:05 INFO][Server] opening worlds/FantasyTown_Minecraft_Bedrock_Edition_Survival_01/db
[2023-02-27 14:14:07 INFO][Server] IPv4 supported, port: 27060: Used for gameplay and LAN discovery
[2023-02-27 14:14:07 INFO][Server] IPv6 supported, port: 27060: Used for gameplay
[2023-02-27 14:14:07 INFO][LiteLoader] LiteLoaderé‡‡ç”¨ LGPLv3 è®¸å¯è¯å¼€æº
[2023-02-27 14:14:07 INFO][LiteLoader] æˆ‘ä»¬çš„æ–°è®ºå›ä¸Šçº¿äº†å•¦! -> https://forum.litebds.com
[2023-02-27 14:14:07 INFO][LiteLoader] å¸®åŠ©æˆ‘ä»¬ç¿»è¯‘&æ”¹è¿›ç¿»è¯‘ -> https://crowdin.com/project/liteloaderbds
[2023-02-27 14:14:07 INFO][LiteLoader] Thanks to RhyMC(rhymc.com) for the support
[2023-03-04 13:27:52 INFO][Server] Player connected: zzyictrl, xuid: 2535458195960794
[2023-03-04 13:27:54 INFO][Server] Player Spawned: zzyictrl xuid: 2535458195960794
[2023-03-04 13:37:03 INFO][Server] Player disconnected: zzyictrl, xuid: 2535458195960794
[2023-03-06 07:50:29 INFO][Server] Player connected: CG22337, xuid: 2535458848931218
[2023-03-06 07:50:33 INFO][Server] Player Spawned: CG22337 xuid: 2535458848931218
[2023-03-06 07:50:54 INFO][Command] <CG22337> /tp -32767 150 32767
[2023-03-06 07:51:36 INFO][Command] <CG22337> /tag @s remove de
[2023-03-06 07:51:52 INFO][Command] <CG22337> /tag @s add de
[2023-03-06 07:53:38 INFO][Command] <CG22337> /execute @s ~~~ kill @s 
[2023-03-06 07:54:40 INFO][Command] <CG22337> /execute @a ~~~ run tp 0 0 0 
[2023-03-06 07:56:59 INFO][Command] <CG22337> /execute @a title title 555
[2023-03-06 07:59:43 INFO][Command] <CG22337> /execute in nether run title @e title hh
[2023-03-06 08:02:01 INFO][Server] Player disconnected: CG22337, xuid: 2535458848931218
[2023-03-06 12:46:01 INFO][Server] Player connected: zzyictrl, xuid: 2535458195960794
[2023-03-06 12:46:03 INFO][Server] Player Spawned: zzyictrl xuid: 2535458195960794
[2023-03-06 12:57:13 INFO][Server] Player disconnected: zzyictrl, xuid: 2535458195960794
[2023-03-06 15:28:06 ERROR][Server] Unknown command: /. Please check that the command exists and that you have permission to use it.
[2023-03-06 15:28:41 ERROR][Server] Unknown command: /. Please check that the command exists and that you have permission to use it.
[2023-03-06 15:28:47 INFO][Server] Player removed from allowlist
[2023-03-06 15:28:58 ERROR][Server] Unknown command: /. Please check that the command exists and that you have permission to use it.
[2023-03-06 15:29:51 ERROR][Server] Unknown command: /. Please check that the command exists and that you have permission to use it.
[2023-03-06 15:33:29 ERROR][Server] Unknown command: /. Please check that the command exists and that you have permission to use it.
[2023-03-07 09:00:27 INFO][Server] Player added to allowlist
[2023-03-07 18:30:39 INFO][Server] Player connected: zzyictrl, xuid: 2535458195960794
[2023-03-07 18:30:41 INFO][Server] Player Spawned: zzyictrl xuid: 2535458195960794
[2023-03-07 18:31:15 INFO][Server] Player disconnected: zzyictrl, xuid: 2535458195960794
[2023-03-08 18:47:07 INFO][Server] Player connected: zzyictrl, xuid: 2535458195960794
[2023-03-08 18:47:10 INFO][Server] Player Spawned: zzyictrl xuid: 2535458195960794
[2023-03-08 18:50:14 INFO][Server] Player disconnected: zzyictrl, xuid: 2535458195960794
